[2019-12-18 12:27:36.591] [exthost] [info] extension host started
[2019-12-18 12:27:37.096] [exthost] [info] extension host started
[2019-12-18 12:27:37.120] [exthost] [info] ExtensionService#_doActivateExtension HookyQR.beautify {"startup":true,"activationEvent":"*"}
[2019-12-18 12:27:37.120] [exthost] [info] ExtensionService#loadCommonJSModule C:\eclipse\plugins\pack.core.win_3.6.0.201910290238\HookyQR.beautify-1.4.11\extension
[2019-12-18 12:27:37.205] [exthost] [info] ExtensionService#_doActivateExtension christian-kohler.path-intellisense {"startup":true,"activationEvent":"*"}
[2019-12-18 12:27:37.205] [exthost] [info] ExtensionService#loadCommonJSModule C:\eclipse\plugins\pack.core.win_3.6.0.201910290238\christian-kohler.path-intellisense-1.4.2\out\src\extension
[2019-12-18 12:27:37.227] [exthost] [info] ExtensionService#_doActivateExtension dbaeumer.vscode-eslint {"startup":true,"activationEvent":"*"}
[2019-12-18 12:27:37.227] [exthost] [info] ExtensionService#loadCommonJSModule C:\eclipse\plugins\pack.core.win_3.6.0.201910290238\dbaeumer.vscode-eslint-1.9.0\client\out\extension
[2019-12-18 12:27:37.273] [exthost] [info] ExtensionService#_doActivateExtension vscode.debug-auto-launch {"startup":true,"activationEvent":"*"}
[2019-12-18 12:27:37.273] [exthost] [info] ExtensionService#loadCommonJSModule c:\eclipse\plugins\com.genuitec.eclipse.code.engine.app.win32.x86_64_3.6.0.201910290238\engine\resources\app\extensions\debug-auto-launch\dist\extension
[2019-12-18 12:27:37.278] [exthost] [info] ExtensionService#_doActivateExtension vscode.emmet {"startup":true,"activationEvent":"*"}
[2019-12-18 12:27:37.278] [exthost] [info] ExtensionService#loadCommonJSModule c:\eclipse\plugins\com.genuitec.eclipse.code.engine.app.win32.x86_64_3.6.0.201910290238\engine\resources\app\extensions\emmet\dist\extension
[2019-12-18 12:27:37.299] [exthost] [info] ExtensionService#_doActivateExtension formulahendry.auto-close-tag {"startup":true,"activationEvent":"*"}
[2019-12-18 12:27:37.299] [exthost] [info] ExtensionService#loadCommonJSModule C:\eclipse\plugins\pack.core.win_3.6.0.201910290238\formulahendry.auto-close-tag-0.5.6\out\src\extension
[2019-12-18 12:27:37.301] [exthost] [info] ExtensionService#_doActivateExtension vscode.grunt {"startup":false,"activationEvent":"onCommand:workbench.action.tasks.runTask"}
[2019-12-18 12:27:37.301] [exthost] [info] ExtensionService#loadCommonJSModule c:\eclipse\plugins\com.genuitec.eclipse.code.engine.app.win32.x86_64_3.6.0.201910290238\engine\resources\app\extensions\grunt\dist\main
[2019-12-18 12:27:37.306] [exthost] [info] ExtensionService#_doActivateExtension vscode.gulp {"startup":false,"activationEvent":"onCommand:workbench.action.tasks.runTask"}
[2019-12-18 12:27:37.306] [exthost] [info] ExtensionService#loadCommonJSModule c:\eclipse\plugins\com.genuitec.eclipse.code.engine.app.win32.x86_64_3.6.0.201910290238\engine\resources\app\extensions\gulp\dist\main
[2019-12-18 12:27:37.311] [exthost] [info] ExtensionService#_doActivateExtension vscode.jake {"startup":false,"activationEvent":"onCommand:workbench.action.tasks.runTask"}
[2019-12-18 12:27:37.311] [exthost] [info] ExtensionService#loadCommonJSModule c:\eclipse\plugins\com.genuitec.eclipse.code.engine.app.win32.x86_64_3.6.0.201910290238\engine\resources\app\extensions\jake\dist\main
[2019-12-18 12:27:37.316] [exthost] [info] ExtensionService#_doActivateExtension vscode.npm {"startup":false,"activationEvent":"onCommand:workbench.action.tasks.runTask"}
[2019-12-18 12:27:37.316] [exthost] [info] ExtensionService#loadCommonJSModule c:\eclipse\plugins\com.genuitec.eclipse.code.engine.app.win32.x86_64_3.6.0.201910290238\engine\resources\app\extensions\npm\dist\main
[2019-12-18 12:27:37.341] [exthost] [info] ExtensionService#_doActivateExtension vscode.typescript-language-features {"startup":false,"activationEvent":"onCommand:workbench.action.tasks.runTask"}
[2019-12-18 12:27:37.341] [exthost] [info] ExtensionService#loadCommonJSModule c:\eclipse\plugins\com.genuitec.eclipse.code.engine.app.win32.x86_64_3.6.0.201910290238\engine\resources\app\extensions\typescript-language-features\dist\extension
[2019-12-18 12:27:37.421] [exthost] [info] eager extensions activated
