[2020-01-10 13:09:09.729] [exthost] [info] extension host started
[2020-01-10 13:09:10.419] [exthost] [info] extension host started
[2020-01-10 13:09:10.443] [exthost] [info] ExtensionService#_doActivateExtension HookyQR.beautify {"startup":true,"activationEvent":"*"}
[2020-01-10 13:09:10.443] [exthost] [info] ExtensionService#loadCommonJSModule C:\eclipse\plugins\pack.core.win_3.6.0.201910290238\HookyQR.beautify-1.4.11\extension
[2020-01-10 13:09:11.626] [exthost] [info] ExtensionService#_doActivateExtension christian-kohler.path-intellisense {"startup":true,"activationEvent":"*"}
[2020-01-10 13:09:11.626] [exthost] [info] ExtensionService#loadCommonJSModule C:\eclipse\plugins\pack.core.win_3.6.0.201910290238\christian-kohler.path-intellisense-1.4.2\out\src\extension
[2020-01-10 13:09:11.815] [exthost] [info] ExtensionService#_doActivateExtension dbaeumer.vscode-eslint {"startup":true,"activationEvent":"*"}
[2020-01-10 13:09:11.815] [exthost] [info] ExtensionService#loadCommonJSModule C:\eclipse\plugins\pack.core.win_3.6.0.201910290238\dbaeumer.vscode-eslint-1.9.0\client\out\extension
[2020-01-10 13:09:11.948] [exthost] [info] ExtensionService#_doActivateExtension vscode.debug-auto-launch {"startup":true,"activationEvent":"*"}
[2020-01-10 13:09:11.948] [exthost] [info] ExtensionService#loadCommonJSModule c:\eclipse\plugins\com.genuitec.eclipse.code.engine.app.win32.x86_64_3.6.0.201910290238\engine\resources\app\extensions\debug-auto-launch\dist\extension
[2020-01-10 13:09:11.998] [exthost] [info] ExtensionService#_doActivateExtension vscode.emmet {"startup":true,"activationEvent":"*"}
[2020-01-10 13:09:11.998] [exthost] [info] ExtensionService#loadCommonJSModule c:\eclipse\plugins\com.genuitec.eclipse.code.engine.app.win32.x86_64_3.6.0.201910290238\engine\resources\app\extensions\emmet\dist\extension
[2020-01-10 13:09:12.072] [exthost] [info] ExtensionService#_doActivateExtension formulahendry.auto-close-tag {"startup":true,"activationEvent":"*"}
[2020-01-10 13:09:12.072] [exthost] [info] ExtensionService#loadCommonJSModule C:\eclipse\plugins\pack.core.win_3.6.0.201910290238\formulahendry.auto-close-tag-0.5.6\out\src\extension
[2020-01-10 13:09:12.097] [exthost] [info] ExtensionService#_doActivateExtension vscode.configuration-editing {"startup":false,"activationEvent":"onLanguage:jsonc"}
[2020-01-10 13:09:12.097] [exthost] [info] ExtensionService#loadCommonJSModule c:\eclipse\plugins\com.genuitec.eclipse.code.engine.app.win32.x86_64_3.6.0.201910290238\engine\resources\app\extensions\configuration-editing\dist\extension
[2020-01-10 13:09:12.175] [exthost] [info] ExtensionService#_doActivateExtension vscode.json-language-features {"startup":false,"activationEvent":"onLanguage:jsonc"}
[2020-01-10 13:09:12.175] [exthost] [info] ExtensionService#loadCommonJSModule c:\eclipse\plugins\com.genuitec.eclipse.code.engine.app.win32.x86_64_3.6.0.201910290238\engine\resources\app\extensions\json-language-features\client\dist\jsonMain
[2020-01-10 13:09:12.486] [exthost] [info] ExtensionService#_doActivateExtension vscode.typescript-language-features {"startup":false,"activationEvent":"onLanguage:jsonc"}
[2020-01-10 13:09:12.486] [exthost] [info] ExtensionService#loadCommonJSModule c:\eclipse\plugins\com.genuitec.eclipse.code.engine.app.win32.x86_64_3.6.0.201910290238\engine\resources\app\extensions\typescript-language-features\dist\extension
[2020-01-10 13:09:12.733] [exthost] [info] ExtensionService#_doActivateExtension vscode.grunt {"startup":false,"activationEvent":"onCommand:workbench.action.tasks.runTask"}
[2020-01-10 13:09:12.733] [exthost] [info] ExtensionService#loadCommonJSModule c:\eclipse\plugins\com.genuitec.eclipse.code.engine.app.win32.x86_64_3.6.0.201910290238\engine\resources\app\extensions\grunt\dist\main
[2020-01-10 13:09:12.752] [exthost] [info] ExtensionService#_doActivateExtension vscode.gulp {"startup":false,"activationEvent":"onCommand:workbench.action.tasks.runTask"}
[2020-01-10 13:09:12.752] [exthost] [info] ExtensionService#loadCommonJSModule c:\eclipse\plugins\com.genuitec.eclipse.code.engine.app.win32.x86_64_3.6.0.201910290238\engine\resources\app\extensions\gulp\dist\main
[2020-01-10 13:09:12.770] [exthost] [info] ExtensionService#_doActivateExtension vscode.jake {"startup":false,"activationEvent":"onCommand:workbench.action.tasks.runTask"}
[2020-01-10 13:09:12.770] [exthost] [info] ExtensionService#loadCommonJSModule c:\eclipse\plugins\com.genuitec.eclipse.code.engine.app.win32.x86_64_3.6.0.201910290238\engine\resources\app\extensions\jake\dist\main
[2020-01-10 13:09:12.862] [exthost] [info] ExtensionService#_doActivateExtension vscode.npm {"startup":false,"activationEvent":"onCommand:workbench.action.tasks.runTask"}
[2020-01-10 13:09:12.862] [exthost] [info] ExtensionService#loadCommonJSModule c:\eclipse\plugins\com.genuitec.eclipse.code.engine.app.win32.x86_64_3.6.0.201910290238\engine\resources\app\extensions\npm\dist\main
[2020-01-10 13:09:12.969] [exthost] [info] eager extensions activated
