2019-11-11 13:39:19,817 [Worker-1: Loading available Gradle versions] INFO  o.e.b.c.i.u.g.PublishedGradleVersions - Gradle version information cache is out-of-date. Trying to update.
2019-11-11 16:07:47,264 [Worker-7: Loading available Gradle versions] INFO  o.e.b.c.i.u.g.PublishedGradleVersions - Gradle version information cache is up-to-date. Trying to read.
2019-11-12 08:58:04,283 [Worker-1: Loading available Gradle versions] INFO  o.e.b.c.i.u.g.PublishedGradleVersions - Gradle version information cache is up-to-date. Trying to read.
2019-11-12 17:42:21,828 [Worker-6: Loading available Gradle versions] INFO  o.e.b.c.i.u.g.PublishedGradleVersions - Gradle version information cache is out-of-date. Trying to update.
2019-11-13 08:52:38,312 [Worker-1: Loading available Gradle versions] INFO  o.e.b.c.i.u.g.PublishedGradleVersions - Gradle version information cache is up-to-date. Trying to read.
2019-11-14 08:59:34,279 [Worker-2: Loading available Gradle versions] INFO  o.e.b.c.i.u.g.PublishedGradleVersions - Gradle version information cache is out-of-date. Trying to update.
2019-11-14 14:04:00,597 [Worker-9: Loading available Gradle versions] INFO  o.e.b.c.i.u.g.PublishedGradleVersions - Gradle version information cache is up-to-date. Trying to read.
2019-11-14 14:04:01,666 [Worker-14: Check Injection] INFO  j.exodus.env.EnvironmentImpl - Exodus environment created: C:\web\.metadata\com.genuitec.eclipse.webclipse.livepreview\0\store
2019-11-14 14:04:01,750 [Worker-14: Check Injection] INFO  j.exodus.env.EnvironmentImpl - Exodus environment created: C:\web\.metadata\com.genuitec.eclipse.webclipse.livepreview\1\store
2019-11-14 16:19:42,094 [Worker-37: Check Injection] INFO  j.exodus.env.EnvironmentImpl - Exodus environment created: C:\web\.metadata\com.genuitec.eclipse.webclipse.livepreview\2\store
2019-11-14 16:23:15,950 [Worker-46: Check Injection] INFO  j.exodus.env.EnvironmentImpl - Exodus environment created: C:\web\.metadata\com.genuitec.eclipse.webclipse.livepreview\3\store
2019-11-14 16:28:20,601 [Worker-1: Loading available Gradle versions] INFO  o.e.b.c.i.u.g.PublishedGradleVersions - Gradle version information cache is up-to-date. Trying to read.
2019-11-14 16:28:21,585 [Worker-4: Check Injection] INFO  j.exodus.env.EnvironmentImpl - Exodus environment created: C:\web\.metadata\com.genuitec.eclipse.webclipse.livepreview\0\store
2019-11-14 16:28:21,679 [Worker-4: Check Injection] INFO  j.exodus.env.EnvironmentImpl - Exodus environment created: C:\web\.metadata\com.genuitec.eclipse.webclipse.livepreview\1\store
2019-11-14 16:36:00,450 [Worker-4: Loading available Gradle versions] INFO  o.e.b.c.i.u.g.PublishedGradleVersions - Gradle version information cache is up-to-date. Trying to read.
2019-11-14 16:36:01,482 [Worker-0: Check Injection] INFO  j.exodus.env.EnvironmentImpl - Exodus environment created: C:\web\.metadata\com.genuitec.eclipse.webclipse.livepreview\0\store
2019-11-14 16:36:01,591 [Worker-0: Check Injection] INFO  j.exodus.env.EnvironmentImpl - Exodus environment created: C:\web\.metadata\com.genuitec.eclipse.webclipse.livepreview\1\store
2019-11-15 09:07:04,467 [Worker-4: Loading available Gradle versions] INFO  o.e.b.c.i.u.g.PublishedGradleVersions - Gradle version information cache is out-of-date. Trying to update.
2019-11-15 09:07:05,326 [Worker-14: Check Injection] INFO  j.exodus.env.EnvironmentImpl - Exodus environment created: C:\web\.metadata\com.genuitec.eclipse.webclipse.livepreview\0\store
2019-11-15 09:07:05,404 [Worker-14: Check Injection] INFO  j.exodus.env.EnvironmentImpl - Exodus environment created: C:\web\.metadata\com.genuitec.eclipse.webclipse.livepreview\1\store
2019-11-15 09:21:22,004 [Worker-23: Check Injection] INFO  j.exodus.env.EnvironmentImpl - Exodus environment created: C:\web\.metadata\com.genuitec.eclipse.webclipse.livepreview\2\store
2019-11-15 15:43:45,485 [Worker-116: Check Injection] INFO  j.exodus.env.EnvironmentImpl - Exodus environment created: C:\web\.metadata\com.genuitec.eclipse.webclipse.livepreview\3\store
2019-11-15 15:49:39,142 [Worker-116: Check Injection] INFO  j.exodus.env.EnvironmentImpl - Exodus environment created: C:\web\.metadata\com.genuitec.eclipse.webclipse.livepreview\4\store
2019-11-18 09:11:48,744 [Worker-2: Loading available Gradle versions] INFO  o.e.b.c.i.u.g.PublishedGradleVersions - Gradle version information cache is out-of-date. Trying to update.
2019-11-18 09:11:49,556 [Worker-1: Check Injection] INFO  j.exodus.env.EnvironmentImpl - Exodus environment created: C:\web\.metadata\com.genuitec.eclipse.webclipse.livepreview\0\store
2019-11-18 09:11:49,681 [Worker-1: Check Injection] INFO  j.exodus.env.EnvironmentImpl - Exodus environment created: C:\web\.metadata\com.genuitec.eclipse.webclipse.livepreview\1\store
2019-11-18 09:22:31,878 [Worker-8: Loading available Gradle versions] INFO  o.e.b.c.i.u.g.PublishedGradleVersions - Gradle version information cache is up-to-date. Trying to read.
2019-11-18 09:22:32,925 [Worker-5: Check Injection] INFO  j.exodus.env.EnvironmentImpl - Exodus environment created: C:\web\.metadata\com.genuitec.eclipse.webclipse.livepreview\0\store
2019-11-18 09:22:33,019 [Worker-5: Check Injection] INFO  j.exodus.env.EnvironmentImpl - Exodus environment created: C:\web\.metadata\com.genuitec.eclipse.webclipse.livepreview\1\store
2019-11-18 09:27:20,390 [Worker-14: Check Injection] INFO  j.exodus.env.EnvironmentImpl - Exodus environment created: C:\web\.metadata\com.genuitec.eclipse.webclipse.livepreview\2\store
2019-11-18 17:11:29,894 [Worker-198: Check Injection] INFO  j.exodus.env.EnvironmentImpl - Exodus environment created: C:\web\.metadata\com.genuitec.eclipse.webclipse.livepreview\3\store
2019-11-18 17:18:39,611 [Worker-7: Loading available Gradle versions] INFO  o.e.b.c.i.u.g.PublishedGradleVersions - Gradle version information cache is up-to-date. Trying to read.
2019-11-18 17:18:40,704 [Worker-3: Check Injection] INFO  j.exodus.env.EnvironmentImpl - Exodus environment created: C:\web\.metadata\com.genuitec.eclipse.webclipse.livepreview\0\store
2019-11-18 17:18:40,774 [Worker-3: Check Injection] INFO  j.exodus.env.EnvironmentImpl - Exodus environment created: C:\web\.metadata\com.genuitec.eclipse.webclipse.livepreview\1\store
2019-11-18 17:20:09,733 [Worker-7: Check Injection] INFO  j.exodus.env.EnvironmentImpl - Exodus environment created: C:\web\.metadata\com.genuitec.eclipse.webclipse.livepreview\2\store
2019-11-19 09:07:21,502 [Worker-0: Loading available Gradle versions] INFO  o.e.b.c.i.u.g.PublishedGradleVersions - Gradle version information cache is up-to-date. Trying to read.
2019-11-19 09:07:22,945 [Worker-9: Check Injection] INFO  j.exodus.env.EnvironmentImpl - Exodus environment created: C:\web\.metadata\com.genuitec.eclipse.webclipse.livepreview\0\store
2019-11-19 09:07:23,039 [Worker-9: Check Injection] INFO  j.exodus.env.EnvironmentImpl - Exodus environment created: C:\web\.metadata\com.genuitec.eclipse.webclipse.livepreview\1\store
2019-11-19 09:08:53,426 [Worker-10: Check Injection] INFO  j.exodus.env.EnvironmentImpl - Exodus environment created: C:\web\.metadata\com.genuitec.eclipse.webclipse.livepreview\2\store
2019-11-19 17:31:15,516 [Worker-159: Check Injection] INFO  j.exodus.env.EnvironmentImpl - Exodus environment created: C:\web\.metadata\com.genuitec.eclipse.webclipse.livepreview\4\store
2019-11-20 09:00:13,249 [Worker-3: Loading available Gradle versions] INFO  o.e.b.c.i.u.g.PublishedGradleVersions - Gradle version information cache is out-of-date. Trying to update.
2019-11-20 09:00:14,718 [Worker-13: Check Injection] INFO  j.exodus.env.EnvironmentImpl - Exodus environment created: C:\web\.metadata\com.genuitec.eclipse.webclipse.livepreview\0\store
2019-11-20 09:00:14,843 [Worker-13: Check Injection] INFO  j.exodus.env.EnvironmentImpl - Exodus environment created: C:\web\.metadata\com.genuitec.eclipse.webclipse.livepreview\1\store
2019-11-20 15:34:03,796 [Worker-131: Check Injection] INFO  j.exodus.env.EnvironmentImpl - Exodus environment created: C:\web\.metadata\com.genuitec.eclipse.webclipse.livepreview\2\store
2019-11-21 09:00:11,625 [Worker-1: Loading available Gradle versions] INFO  o.e.b.c.i.u.g.PublishedGradleVersions - Gradle version information cache is up-to-date. Trying to read.
2019-11-21 09:00:12,782 [Worker-17: Check Injection] INFO  j.exodus.env.EnvironmentImpl - Exodus environment created: C:\web\.metadata\com.genuitec.eclipse.webclipse.livepreview\0\store
2019-11-21 09:00:12,875 [Worker-17: Check Injection] INFO  j.exodus.env.EnvironmentImpl - Exodus environment created: C:\web\.metadata\com.genuitec.eclipse.webclipse.livepreview\1\store
2019-11-21 10:03:08,965 [Worker-42: Check Injection] INFO  j.exodus.env.EnvironmentImpl - Exodus environment created: C:\web\.metadata\com.genuitec.eclipse.webclipse.livepreview\2\store
2019-11-22 09:06:37,371 [Worker-10: Loading available Gradle versions] INFO  o.e.b.c.i.u.g.PublishedGradleVersions - Gradle version information cache is out-of-date. Trying to update.
2019-11-22 09:06:38,996 [Worker-16: Check Injection] INFO  j.exodus.env.EnvironmentImpl - Exodus environment created: C:\web\.metadata\com.genuitec.eclipse.webclipse.livepreview\0\store
2019-11-22 09:06:39,074 [Worker-16: Check Injection] INFO  j.exodus.env.EnvironmentImpl - Exodus environment created: C:\web\.metadata\com.genuitec.eclipse.webclipse.livepreview\1\store
2019-11-22 14:20:48,708 [Worker-87: Check Injection] INFO  j.exodus.env.EnvironmentImpl - Exodus environment created: C:\web\.metadata\com.genuitec.eclipse.webclipse.livepreview\2\store
2019-11-22 16:45:32,950 [Worker-0: Loading available Gradle versions] INFO  o.e.b.c.i.u.g.PublishedGradleVersions - Gradle version information cache is up-to-date. Trying to read.
2019-11-22 16:45:34,138 [Worker-5: Check Injection] INFO  j.exodus.env.EnvironmentImpl - Exodus environment created: C:\web\.metadata\com.genuitec.eclipse.webclipse.livepreview\0\store
2019-11-22 16:45:34,216 [Worker-5: Check Injection] INFO  j.exodus.env.EnvironmentImpl - Exodus environment created: C:\web\.metadata\com.genuitec.eclipse.webclipse.livepreview\1\store
2019-11-25 09:02:44,075 [Worker-5: Loading available Gradle versions] INFO  o.e.b.c.i.u.g.PublishedGradleVersions - Gradle version information cache is out-of-date. Trying to update.
2019-11-25 09:02:45,810 [Worker-10: Check Injection] INFO  j.exodus.env.EnvironmentImpl - Exodus environment created: C:\web\.metadata\com.genuitec.eclipse.webclipse.livepreview\0\store
2019-11-25 09:02:45,935 [Worker-10: Check Injection] INFO  j.exodus.env.EnvironmentImpl - Exodus environment created: C:\web\.metadata\com.genuitec.eclipse.webclipse.livepreview\1\store
2019-11-25 09:16:59,360 [Worker-11: Check Injection] INFO  j.exodus.env.EnvironmentImpl - Exodus environment created: C:\web\.metadata\com.genuitec.eclipse.webclipse.livepreview\2\store
2019-11-25 10:23:11,240 [Worker-63: Check Injection] INFO  j.exodus.env.EnvironmentImpl - Exodus environment created: C:\web\.metadata\com.genuitec.eclipse.webclipse.livepreview\3\store
2019-11-25 10:26:56,920 [Worker-51: Check Injection] INFO  j.exodus.env.EnvironmentImpl - Exodus environment created: C:\web\.metadata\com.genuitec.eclipse.webclipse.livepreview\4\store
2019-11-25 11:31:41,498 [Worker-91: Check Injection] INFO  j.exodus.env.EnvironmentImpl - Exodus environment created: C:\web\.metadata\com.genuitec.eclipse.webclipse.livepreview\5\store
2019-11-26 09:00:22,505 [Worker-10: Loading available Gradle versions] INFO  o.e.b.c.i.u.g.PublishedGradleVersions - Gradle version information cache is up-to-date. Trying to read.
2019-11-26 09:00:24,693 [Worker-6: Check Injection] INFO  j.exodus.env.EnvironmentImpl - Exodus environment created: C:\web\.metadata\com.genuitec.eclipse.webclipse.livepreview\0\store
2019-11-26 09:00:24,787 [Worker-6: Check Injection] INFO  j.exodus.env.EnvironmentImpl - Exodus environment created: C:\web\.metadata\com.genuitec.eclipse.webclipse.livepreview\1\store
2019-11-26 10:01:40,577 [Worker-41: Check Injection] INFO  j.exodus.env.EnvironmentImpl - Exodus environment created: C:\web\.metadata\com.genuitec.eclipse.webclipse.livepreview\2\store
2019-11-26 13:11:26,010 [Worker-91: Check Injection] INFO  j.exodus.env.EnvironmentImpl - Exodus environment created: C:\web\.metadata\com.genuitec.eclipse.webclipse.livepreview\3\store
2019-11-27 09:05:23,233 [Worker-9: Loading available Gradle versions] INFO  o.e.b.c.i.u.g.PublishedGradleVersions - Gradle version information cache is up-to-date. Trying to read.
2019-11-27 09:26:19,440 [Worker-31: Publishing to Tomcat v9.0 Server at localhost...] INFO  j.exodus.env.EnvironmentImpl - Exodus environment created: C:\web\.metadata\com.genuitec.eclipse.webclipse.livepreview\0\store
2019-11-27 09:39:42,751 [main] INFO  j.exodus.env.EnvironmentImpl - Exodus environment created: C:\web\.metadata\com.genuitec.eclipse.webclipse.livepreview\1\store
2019-11-27 13:40:22,999 [Worker-120: Check Injection] INFO  j.exodus.env.EnvironmentImpl - Exodus environment created: C:\web\.metadata\com.genuitec.eclipse.webclipse.livepreview\2\store
2019-11-27 14:05:17,405 [Worker-134: Check Injection] INFO  j.exodus.env.EnvironmentImpl - Exodus environment created: C:\web\.metadata\com.genuitec.eclipse.webclipse.livepreview\3\store
2019-11-27 17:16:26,744 [Worker-188: Check Injection] INFO  j.exodus.env.EnvironmentImpl - Exodus environment created: C:\web\.metadata\com.genuitec.eclipse.webclipse.livepreview\5\store
2019-11-27 17:35:28,586 [Worker-188: Check Injection] INFO  j.exodus.env.EnvironmentImpl - Exodus environment created: C:\web\.metadata\com.genuitec.eclipse.webclipse.livepreview\4\store
2019-11-28 09:04:33,906 [Worker-6: Loading available Gradle versions] INFO  o.e.b.c.i.u.g.PublishedGradleVersions - Gradle version information cache is out-of-date. Trying to update.
2019-11-28 09:11:38,737 [Worker-21: Publishing to Tomcat v9.0 Server at localhost...] INFO  j.exodus.env.EnvironmentImpl - Exodus environment created: C:\web\.metadata\com.genuitec.eclipse.webclipse.livepreview\0\store
2019-11-28 09:21:58,994 [Worker-28: Check Injection] INFO  j.exodus.env.EnvironmentImpl - Exodus environment created: C:\web\.metadata\com.genuitec.eclipse.webclipse.livepreview\2\store
2019-11-28 09:25:32,716 [main] INFO  j.exodus.env.EnvironmentImpl - Exodus environment created: C:\web\.metadata\com.genuitec.eclipse.webclipse.livepreview\1\store
2019-11-28 09:26:37,511 [main] INFO  j.exodus.env.EnvironmentImpl - Exodus environment created: C:\web\.metadata\com.genuitec.eclipse.webclipse.livepreview\3\store
2019-11-28 11:38:44,535 [Worker-5: Loading available Gradle versions] INFO  o.e.b.c.i.u.g.PublishedGradleVersions - Gradle version information cache is up-to-date. Trying to read.
2019-11-28 11:39:13,331 [Worker-10: Publishing to Tomcat v9.0 Server at localhost...] INFO  j.exodus.env.EnvironmentImpl - Exodus environment created: C:\web\.metadata\com.genuitec.eclipse.webclipse.livepreview\0\store
2019-11-28 11:40:08,949 [main] INFO  j.exodus.env.EnvironmentImpl - Exodus environment created: C:\web\.metadata\com.genuitec.eclipse.webclipse.livepreview\2\store
2019-12-11 14:55:24,022 [Worker-2: Loading available Gradle versions] INFO  o.e.b.c.i.u.g.PublishedGradleVersions - Gradle version information cache is up-to-date. Trying to read.
2019-12-11 14:56:11,826 [Worker-12: Check Injection] INFO  j.exodus.env.EnvironmentImpl - Exodus environment created: C:\web\.metadata\com.genuitec.eclipse.webclipse.livepreview\0\store
2019-12-11 14:56:12,190 [Worker-12: Check Injection] INFO  j.exodus.env.EnvironmentImpl - Exodus environment created: C:\web\.metadata\com.genuitec.eclipse.webclipse.livepreview\1\store
2019-12-11 15:00:00,163 [Worker-17: Check Injection] INFO  j.exodus.env.EnvironmentImpl - Exodus environment created: C:\web\.metadata\com.genuitec.eclipse.webclipse.livepreview\2\store
